<?xml version="1.0" encoding="UTF-8"?>
<testsuite name="com.example.ci.ExampleUnitTest" tests="1" skipped="0" failures="0" errors="0" timestamp="2024-04-05T12:24:06" hostname="DESKTOP-KAPKNUI" time="0.003">
  <properties/>
  <testcase name="addition_isCorrect" classname="com.example.ci.ExampleUnitTest" time="0.003"/>
  <system-out><![CDATA[]]></system-out>
  <system-err><![CDATA[]]></system-err>
</testsuite>
